#
# A fatal error has been detected by the Java Runtime Environment:
#
#  SIGSEGV (0xb) at pc=0xb6d3cd48, pid=6889, tid=2377173872
#
# JRE version: Java(TM) SE Runtime Environment (7.0_40-b43) (build 1.7.0_40-b43)
# Java VM: Java HotSpot(TM) Server VM (24.0-b56 mixed mode linux-x86 )
# Problematic frame:
# V  [libjvm.so+0x483d48]  java_lang_String::utf8_length(oopDesc*)+0x58
#
# Failed to write core dump. Core dumps have been disabled. To enable core dumping, try "ulimit -c unlimited" before starting Java again
#
# If you would like to submit a bug report, please visit:
#   http://bugreport.sun.com/bugreport/crash.jsp
#

---------------  T H R E A D  ---------------

Current thread (0x8dc84800):  JavaThread "JDWP Transport Listener: dt_socket" daemon [_thread_in_vm, id=6906, stack(0x8dabc000,0x8db0d000)]

siginfo:si_signo=SIGSEGV: si_errno=0, si_code=1 (SEGV_MAPERR), si_addr=0x00000008

Registers:
EAX=0x00000000, EBX=0xb717bc10, ECX=0x00000000, EDX=0xa9262c78
ESP=0x8db0bf50, EBP=0x8db0bf58, ESI=0x00000000, EDI=0x00000ffc
EIP=0xb6d3cd48, EFLAGS=0x00210246, CR2=0x00000008

Top of Stack: (sp=0x8db0bf50)
0x8db0bf50:   b717bc10 8dc84800 8db0bfa8 b6d86a68
0x8db0bf60:   a9262c78 8dc84930 8db0bfa8 b680717b
0x8db0bf70:   8dc84930 a9262c78 8e043e78 b681416c
0x8db0bf80:   08dfe224 8db0c17c 8dc84800 00000000
0x8db0bf90:   08dfe224 8db0c17c 8dc84800 b681416c
0x8db0bfa0:   8db0c17c 8dc84930 8db0bfd8 b67e6473
0x8db0bfb0:   8dc84930 08dfe224 00000000 b67fc968
0x8db0bfc0:   00000008 00000032 08dfe224 b681416c 

Instructions: (pc=0xb6d3cd48)
0xb6d3cd28:   02 31 d2 85 c0 74 04 8d 54 4e 0c 56 56 50 52 e8
0xb6d3cd38:   c4 88 33 00 8d 65 f8 5b 5e 5d c3 90 8d 74 26 00
0xb6d3cd48:   8b 46 08 eb dc 90 66 90 55 89 e5 57 56 53 83 ec
0xb6d3cd58:   1c e8 00 00 00 00 5b 81 c3 b2 ee 43 00 8b 83 54 

Register to memory mapping:

EAX=0x00000000 is an unknown value
EBX=0xb717bc10: <offset 0x8c2c10> in /home/seb/jdk1.7.0_40/jre/lib/i386/server/libjvm.so at 0xb68b9000
ECX=0x00000000 is an unknown value
EDX=0xa9262c78 is an oop
java.lang.String 
 - klass: 'java/lang/String'
ESP=0x8db0bf50 is pointing into the stack for thread: 0x8dc84800
EBP=0x8db0bf58 is pointing into the stack for thread: 0x8dc84800
ESI=0x00000000 is an unknown value
EDI=0x00000ffc is an unknown value


Stack: [0x8dabc000,0x8db0d000],  sp=0x8db0bf50,  free space=319k
Native frames: (J=compiled Java code, j=interpreted, Vv=VM code, C=native code)
V  [libjvm.so+0x483d48]  java_lang_String::utf8_length(oopDesc*)+0x58
V  [libjvm.so+0x4cda68]  jni_GetStringUTFChars+0xa8
C  [libjdwp.so+0x9473]  value+0x93
C  [libjdwp.so+0x12813]  debugLoop_run+0x303
C  [libjdwp.so+0x26f7f]  connectionInitiated+0xbf
C  [libjdwp.so+0x26fc0]  attachThread+0x30
V  [libjvm.so+0x57301c]  JvmtiAgentThread::call_start_function()+0x9c
V  [libjvm.so+0x798d49]  JavaThread::thread_main_inner()+0x109
V  [libjvm.so+0x798ea3]  JavaThread::run()+0x123
V  [libjvm.so+0x67d999]  java_start(Thread*)+0x119
C  [libpthread.so.0+0x5c39]  start_thread+0xc9


---------------  P R O C E S S  ---------------

Java Threads: ( => current thread )
  0x8d190000 JavaThread "RMI Reaper" [_thread_blocked, id=6934, stack(0x8cec9000,0x8cf1a000)]
  0x8d18ec00 JavaThread "RMI TCP Accept-0" daemon [_thread_in_native, id=6933, stack(0x8cf1a000,0x8cf6b000)]
  0x8d157400 JavaThread "GC Daemon" daemon [_thread_blocked, id=6929, stack(0x8cf6b000,0x8cfbc000)]
  0x09064000 JavaThread "RMI RenewClean-[127.0.1.1:36022]" daemon [_thread_blocked, id=6928, stack(0x8cfbc000,0x8d00d000)]
  0x09063000 JavaThread "RMI Scheduler(0)" daemon [_thread_blocked, id=6927, stack(0x8d00d000,0x8d05e000)]
  0x08faec00 JavaThread "RMI TCP Accept-10011" daemon [_thread_in_native, id=6926, stack(0x8d05e000,0x8d0af000)]
  0x08efc400 JavaThread "TimerQueue" daemon [_thread_blocked, id=6922, stack(0x8d0af000,0x8d100000)]
  0x8d155400 JavaThread "DestroyJavaVM" [_thread_blocked, id=6894, stack(0xb6842000,0xb6893000)]
  0x8d14d000 JavaThread "AWT-EventQueue-0" [_thread_blocked, id=6920, stack(0x8d22b000,0x8d27c000)]
  0x8d14c000 JavaThread "AWT-Shutdown" [_thread_blocked, id=6919, stack(0x8d323000,0x8d374000)]
  0x8d73d000 JavaThread "AWT-XAWT" daemon [_thread_in_native, id=6918, stack(0x8d422000,0x8d473000)]
  0x8d725c00 JavaThread "Java2D Disposer" daemon [_thread_blocked, id=6917, stack(0x8d479000,0x8d4ca000)]
  0x8dc8cc00 JavaThread "Service Thread" daemon [_thread_blocked, id=6915, stack(0x8d8c7000,0x8d918000)]
  0x8dc8ac00 JavaThread "C2 CompilerThread1" daemon [_thread_blocked, id=6914, stack(0x8d918000,0x8d999000)]
  0x8dc88c00 JavaThread "C2 CompilerThread0" daemon [_thread_blocked, id=6913, stack(0x8d999000,0x8da1a000)]
  0x08dfe400 JavaThread "JDWP Command Reader" daemon [_thread_in_native, id=6910, stack(0x8da1a000,0x8da6b000)]
  0x8dc87000 JavaThread "JDWP Event Helper Thread" daemon [_thread_blocked, id=6909, stack(0x8da6b000,0x8dabc000)]
=>0x8dc84800 JavaThread "JDWP Transport Listener: dt_socket" daemon [_thread_in_vm, id=6906, stack(0x8dabc000,0x8db0d000)]
  0x8dc7c000 JavaThread "Signal Dispatcher" daemon [_thread_blocked, id=6904, stack(0x8db0d000,0x8db5e000)]
  0x8dc6cc00 JavaThread "Finalizer" daemon [_thread_blocked, id=6902, stack(0x8db5e000,0x8dbaf000)]
  0x8dc6a000 JavaThread "Reference Handler" daemon [_thread_blocked, id=6901, stack(0x8dbaf000,0x8dc00000)]

Other Threads:
  0x8dc68800 VMThread [stack: 0x8dd1c000,0x8dd9d000] [id=6900]
  0x8dc8e800 WatcherThread [stack: 0x8d846000,0x8d8c7000] [id=6916]

VM state:not at safepoint (normal execution)

VM Mutex/Monitor currently owned by a thread: None

Heap
 PSYoungGen      total 9728K, used 7138K [0xa8bc0000, 0xa9680000, 0xb3540000)
  eden space 8448K, 84% used [0xa8bc0000,0xa92b8878,0xa9400000)
  from space 1280K, 0% used [0xa9540000,0xa9540000,0xa9680000)
  to   space 1280K, 0% used [0xa9400000,0xa9400000,0xa9540000)
 ParOldGen       total 21504K, used 0K [0x93940000, 0x94e40000, 0xa8bc0000)
  object space 21504K, 0% used [0x93940000,0x93940000,0x94e40000)
 PSPermGen       total 16384K, used 9201K [0x8f940000, 0x90940000, 0x93940000)
  object space 16384K, 56% used [0x8f940000,0x9023c790,0x90940000)

Card table byte_map: [0x8f821000,0x8f940000] byte_map_base: 0x8f3a4600

Polling page: 0xb7756000

Code Cache  [0xb3602000, 0xb3842000, 0xb6602000)
 total_blobs=278 nmethods=46 adapters=194 free_code_cache=48757Kb largest_free_block=49912384

Compilation events (10 events):
Event: 2.789 Thread 0x8dc88c00   42             sun.util.logging.PlatformLogger::finest (12 bytes)
Event: 2.792 Thread 0x8dc88c00 nmethod 42 0xb36676c8 code [0xb3667820, 0xb3667b50]
Event: 2.806 Thread 0x8dc8ac00   43             java.util.concurrent.locks.AbstractQueuedSynchronizer::getState (5 bytes)
Event: 2.806 Thread 0x8dc8ac00 nmethod 43 0xb3660dc8 code [0xb3660ea0, 0xb3660ef0]
Event: 3.119 Thread 0x8dc88c00   44             java.util.concurrent.locks.AbstractOwnableSynchronizer::getExclusiveOwnerThread (5 bytes)
Event: 3.120 Thread 0x8dc88c00 nmethod 44 0xb365fa48 code [0xb365fb20, 0xb365fb70]
Event: 3.244 Thread 0x8dc8ac00   45             java.util.logging.Level::intValue (5 bytes)
Event: 3.244 Thread 0x8dc8ac00 nmethod 45 0xb365e648 code [0xb365e720, 0xb365e770]
Event: 3.321 Thread 0x8dc88c00   46             java.util.concurrent.locks.AbstractQueuedSynchronizer::setState (6 bytes)
Event: 3.322 Thread 0x8dc88c00 nmethod 46 0xb365e4c8 code [0xb365e5a0, 0xb365e5f0]

GC Heap History (0 events):
No events

Deoptimization events (7 events):
Event: 0.360 Thread 0x08dea800 Uncommon trap: reason=class_check action=maybe_recompile pc=0xb36582b4 method=java.util.Properties$LineReader.readLine()I @ 62
Event: 0.360 Thread 0x08dea800 Uncommon trap: reason=class_check action=maybe_recompile pc=0xb36582b4 method=java.util.Properties$LineReader.readLine()I @ 62
Event: 0.382 Thread 0x08dea800 Uncommon trap: reason=class_check action=maybe_recompile pc=0xb36554d4 method=java.lang.String.equals(Ljava/lang/Object;)Z @ 8
Event: 0.384 Thread 0x08dea800 Uncommon trap: reason=class_check action=maybe_recompile pc=0xb36554d4 method=java.lang.String.equals(Ljava/lang/Object;)Z @ 8
Event: 0.384 Thread 0x08dea800 Uncommon trap: reason=class_check action=maybe_recompile pc=0xb36554d4 method=java.lang.String.equals(Ljava/lang/Object;)Z @ 8
Event: 0.384 Thread 0x08dea800 Uncommon trap: reason=class_check action=maybe_recompile pc=0xb36554d4 method=java.lang.String.equals(Ljava/lang/Object;)Z @ 8
Event: 2.776 Thread 0x8d14d000 Uncommon trap: reason=unreached action=reinterpret pc=0xb3666648 method=java.lang.AbstractStringBuilder.append(Ljava/lang/String;)Ljava/lang/AbstractStringBuilder; @ 1

Internal exceptions (10 events):
Event: 2.774 Thread 0x8d14d000 Threw 0xa9225060 at /HUDSON/workspace/jdk7u40-2-build-linux-i586-product/jdk7u40/hotspot/src/share/vm/prims/jvm.cpp:1244
Event: 2.775 Thread 0x8d14d000 Threw 0xa92288d8 at /HUDSON/workspace/jdk7u40-2-build-linux-i586-product/jdk7u40/hotspot/src/share/vm/prims/jvm.cpp:1244
Event: 2.776 Thread 0x8d14d000 Implicit null exception at 0xb366621f to 0xb3666635
Event: 2.777 Thread 0x8d14d000 Threw 0xa922ed70 at /HUDSON/workspace/jdk7u40-2-build-linux-i586-product/jdk7u40/hotspot/src/share/vm/prims/jvm.cpp:1244
Event: 2.778 Thread 0x8d14d000 Threw 0xa92311e0 at /HUDSON/workspace/jdk7u40-2-build-linux-i586-product/jdk7u40/hotspot/src/share/vm/prims/jvm.cpp:1244
Event: 2.783 Thread 0x8d14d000 Threw 0xa9248f18 at /HUDSON/workspace/jdk7u40-2-build-linux-i586-product/jdk7u40/hotspot/src/share/vm/prims/jvm.cpp:1244
Event: 2.783 Thread 0x8d14d000 Threw 0xa924b370 at /HUDSON/workspace/jdk7u40-2-build-linux-i586-product/jdk7u40/hotspot/src/share/vm/prims/jvm.cpp:1244
Event: 2.787 Thread 0x8d14d000 Threw 0xa9259090 at /HUDSON/workspace/jdk7u40-2-build-linux-i586-product/jdk7u40/hotspot/src/share/vm/prims/jvm.cpp:1244
Event: 2.791 Thread 0x8d14d000 Threw 0xa925f0b8 at /HUDSON/workspace/jdk7u40-2-build-linux-i586-product/jdk7u40/hotspot/src/share/vm/prims/jvm.cpp:1244
Event: 16.149 Thread 0x8d14d000 Threw 0xa9261378 at /HUDSON/workspace/jdk7u40-2-build-linux-i586-product/jdk7u40/hotspot/src/share/vm/prims/jvm.cpp:1244

Events (10 events):
Event: 124.521 Executing VM operation: ChangeSingleStep
Event: 124.521 Executing VM operation: ChangeSingleStep done
Event: 124.522 Executing VM operation: ChangeSingleStep
Event: 124.522 Executing VM operation: ChangeSingleStep done
Event: 124.538 Executing VM operation: GetOrSetLocal
Event: 124.539 Executing VM operation: GetOrSetLocal done
Event: 124.541 Executing VM operation: GetOrSetLocal
Event: 124.541 Executing VM operation: GetOrSetLocal done
Event: 124.706 Executing VM operation: GetOrSetLocal
Event: 124.706 Executing VM operation: GetOrSetLocal done


Dynamic libraries:
08048000-08049000 r-xp 00000000 08:01 923987     /home/seb/jdk1.7.0_40/bin/java
08049000-0804a000 rw-p 00000000 08:01 923987     /home/seb/jdk1.7.0_40/bin/java
08de1000-09153000 rw-p 00000000 00:00 0          [heap]
8ccb0000-8cec9000 rw-p 00000000 00:00 0 
8cec9000-8cecc000 ---p 00000000 00:00 0 
8cecc000-8cf1a000 rw-p 00000000 00:00 0 
8cf1a000-8cf1d000 ---p 00000000 00:00 0 
8cf1d000-8cf6b000 rw-p 00000000 00:00 0 
8cf6b000-8cf6e000 ---p 00000000 00:00 0 
8cf6e000-8cfbc000 rw-p 00000000 00:00 0 
8cfbc000-8cfbf000 ---p 00000000 00:00 0 
8cfbf000-8d00d000 rw-p 00000000 00:00 0 
8d00d000-8d010000 ---p 00000000 00:00 0 
8d010000-8d05e000 rw-p 00000000 00:00 0 
8d05e000-8d061000 ---p 00000000 00:00 0 
8d061000-8d0af000 rw-p 00000000 00:00 0 
8d0af000-8d0b2000 ---p 00000000 00:00 0 
8d0b2000-8d100000 rw-p 00000000 00:00 0 
8d100000-8d1a7000 rw-p 00000000 00:00 0 
8d1a7000-8d200000 ---p 00000000 00:00 0 
8d22b000-8d22e000 ---p 00000000 00:00 0 
8d22e000-8d27c000 rw-p 00000000 00:00 0 
8d27c000-8d2dc000 r-xp 00000000 08:01 924055     /home/seb/jdk1.7.0_40/jre/lib/i386/libt2k.so
8d2dc000-8d2e0000 rw-p 0005f000 08:01 924055     /home/seb/jdk1.7.0_40/jre/lib/i386/libt2k.so
8d2e0000-8d2e4000 rw-p 00000000 00:00 0 
8d2e4000-8d2e5000 r--s 00000000 08:01 1051927    /var/cache/fontconfig/c05880de57d1f5e948fdfacc138775d9-le32d4.cache-3
8d2e5000-8d2eb000 r--s 00000000 08:01 1051924    /var/cache/fontconfig/945677eb7aeaf62f1d50efc3fb3ec7d8-le32d4.cache-3
8d2eb000-8d2ef000 r--s 00000000 08:01 1051914    /var/cache/fontconfig/6eb3985aa4124903f6ff08ba781cd364-le32d4.cache-3
8d2ef000-8d2f6000 r--s 00000000 08:01 1051913    /var/cache/fontconfig/6d41288fd70b0be22e8c3a91e032eec0-le32d4.cache-3
8d2f6000-8d2f7000 r--s 00000000 08:01 1051911    /var/cache/fontconfig/4794a0821666d79190d59a36cb4f44b5-le32d4.cache-3
8d2f7000-8d2f9000 r--s 00000000 08:01 1049402    /var/cache/fontconfig/c57959a16110560c8d0fcea73374aeeb-le32d4.cache-3
8d2f9000-8d2fd000 r--s 00000000 08:01 1046608    /var/cache/fontconfig/3047814df9a2f067bd2d96a2b9c36e5a-le32d4.cache-3
8d2fd000-8d2ff000 r--s 00000000 08:01 1045009    /var/cache/fontconfig/e49e89034d371f0f9de17aab02136486-le32d4.cache-3
8d2ff000-8d300000 r--s 00000000 08:01 1045008    /var/cache/fontconfig/4b14b093aebc79c320de5e86ae1d3314-le32d4.cache-3
8d300000-8d30d000 r--s 00000000 08:01 1045007    /var/cache/fontconfig/d52a8644073d54c13679302ca1180695-le32d4.cache-3
8d323000-8d326000 ---p 00000000 00:00 0 
8d326000-8d374000 rw-p 00000000 00:00 0 
8d374000-8d382000 r-xp 00000000 08:01 924068     /home/seb/jdk1.7.0_40/jre/lib/i386/libnio.so
8d382000-8d383000 rw-p 0000e000 08:01 924068     /home/seb/jdk1.7.0_40/jre/lib/i386/libnio.so
8d383000-8d39f000 r-xp 00000000 08:01 391948     /lib/i386-linux-gnu/libgcc_s.so.1
8d39f000-8d3a0000 rw-p 0001b000 08:01 391948     /lib/i386-linux-gnu/libgcc_s.so.1
8d3a1000-8d3b5000 r-xp 00000000 08:01 924059     /home/seb/jdk1.7.0_40/jre/lib/i386/libnet.so
8d3b5000-8d3b6000 rw-p 00014000 08:01 924059     /home/seb/jdk1.7.0_40/jre/lib/i386/libnet.so
8d3b6000-8d412000 r-xp 00000000 08:01 924076     /home/seb/jdk1.7.0_40/jre/lib/i386/libfontmanager.so
8d412000-8d415000 rw-p 0005b000 08:01 924076     /home/seb/jdk1.7.0_40/jre/lib/i386/libfontmanager.so
8d415000-8d419000 rw-p 00000000 00:00 0 
8d419000-8d422000 r--s 00250000 08:01 924011     /home/seb/jdk1.7.0_40/jre/lib/resources.jar
8d422000-8d425000 ---p 00000000 00:00 0 
8d425000-8d473000 rw-p 00000000 00:00 0 
8d473000-8d477000 r-xp 00000000 08:01 919259     /usr/lib/i386-linux-gnu/libXfixes.so.3.1.0
8d477000-8d478000 r--p 00003000 08:01 919259     /usr/lib/i386-linux-gnu/libXfixes.so.3.1.0
8d478000-8d479000 rw-p 00004000 08:01 919259     /usr/lib/i386-linux-gnu/libXfixes.so.3.1.0
8d479000-8d47c000 ---p 00000000 00:00 0 
8d47c000-8d4ca000 rw-p 00000000 00:00 0 
8d4ca000-8d5fe000 r-xp 00000000 08:01 918191     /usr/lib/i386-linux-gnu/libX11.so.6.3.0
8d5fe000-8d602000 rw-p 00133000 08:01 918191     /usr/lib/i386-linux-gnu/libX11.so.6.3.0
8d602000-8d64b000 r-xp 00000000 08:01 924031     /home/seb/jdk1.7.0_40/jre/lib/i386/xawt/libmawt.so
8d64b000-8d64d000 rw-p 00049000 08:01 924031     /home/seb/jdk1.7.0_40/jre/lib/i386/xawt/libmawt.so
8d64d000-8d64e000 rw-p 00000000 00:00 0 
8d64e000-8d6d5000 r-xp 00000000 08:01 924027     /home/seb/jdk1.7.0_40/jre/lib/i386/libawt.so
8d6d5000-8d6dc000 rw-p 00086000 08:01 924027     /home/seb/jdk1.7.0_40/jre/lib/i386/libawt.so
8d6dc000-8d700000 rw-p 00000000 00:00 0 
8d700000-8d800000 rw-p 00000000 00:00 0 
8d804000-8d80d000 r-xp 00000000 08:01 920135     /usr/lib/i386-linux-gnu/libXcursor.so.1.0.2
8d80d000-8d80e000 rw-p 00009000 08:01 920135     /usr/lib/i386-linux-gnu/libXcursor.so.1.0.2
8d80e000-8d813000 r-xp 00000000 08:01 919258     /usr/lib/i386-linux-gnu/libXdmcp.so.6.0.0
8d813000-8d814000 rw-p 00004000 08:01 919258     /usr/lib/i386-linux-gnu/libXdmcp.so.6.0.0
8d814000-8d835000 r-xp 00000000 08:01 918189     /usr/lib/i386-linux-gnu/libxcb.so.1.1.0
8d835000-8d836000 r--p 00020000 08:01 918189     /usr/lib/i386-linux-gnu/libxcb.so.1.1.0
8d836000-8d837000 rw-p 00021000 08:01 918189     /usr/lib/i386-linux-gnu/libxcb.so.1.1.0
8d837000-8d845000 r-xp 00000000 08:01 918058     /usr/lib/i386-linux-gnu/libXi.so.6.1.0
8d845000-8d846000 rw-p 0000e000 08:01 918058     /usr/lib/i386-linux-gnu/libXi.so.6.1.0
8d846000-8d847000 ---p 00000000 00:00 0 
8d847000-8d8c7000 rw-p 00000000 00:00 0 
8d8c7000-8d8ca000 ---p 00000000 00:00 0 
8d8ca000-8d918000 rw-p 00000000 00:00 0 
8d918000-8d91b000 ---p 00000000 00:00 0 
8d91b000-8d999000 rw-p 00000000 00:00 0 
8d999000-8d99c000 ---p 00000000 00:00 0 
8d99c000-8da1a000 rw-p 00000000 00:00 0 
8da1a000-8da1d000 ---p 00000000 00:00 0 
8da1d000-8da6b000 rw-p 00000000 00:00 0 
8da6b000-8da6e000 ---p 00000000 00:00 0 
8da6e000-8dabc000 rw-p 00000000 00:00 0 
8dabc000-8dabf000 ---p 00000000 00:00 0 
8dabf000-8db0d000 rw-p 00000000 00:00 0 
8db0d000-8db10000 ---p 00000000 00:00 0 
8db10000-8db5e000 rw-p 00000000 00:00 0 
8db5e000-8db61000 ---p 00000000 00:00 0 
8db61000-8dbaf000 rw-p 00000000 00:00 0 
8dbaf000-8dbb2000 ---p 00000000 00:00 0 
8dbb2000-8dc00000 rw-p 00000000 00:00 0 
8dc00000-8dcf9000 rw-p 00000000 00:00 0 
8dcf9000-8dd00000 ---p 00000000 00:00 0 
8dd04000-8dd09000 r-xp 00000000 08:01 914154     /usr/lib/i386-linux-gnu/libXtst.so.6.1.0
8dd09000-8dd0a000 rw-p 00004000 08:01 914154     /usr/lib/i386-linux-gnu/libXtst.so.6.1.0
8dd0a000-8dd1b000 r-xp 00000000 08:01 919534     /usr/lib/i386-linux-gnu/libXext.so.6.4.0
8dd1b000-8dd1c000 rw-p 00010000 08:01 919534     /usr/lib/i386-linux-gnu/libXext.so.6.4.0
8dd1c000-8dd1d000 ---p 00000000 00:00 0 
8dd1d000-8dde8000 rw-p 00000000 00:00 0 
8dde8000-8dfa5000 r--s 039d3000 08:01 924000     /home/seb/jdk1.7.0_40/jre/lib/rt.jar
8dfa5000-8e000000 rw-p 00000000 00:00 0 
8e000000-8e0f7000 rw-p 00000000 00:00 0 
8e0f7000-8e100000 ---p 00000000 00:00 0 
8e103000-8e10c000 r-xp 00000000 08:01 918064     /usr/lib/i386-linux-gnu/libXrender.so.1.3.0
8e10c000-8e10d000 rw-p 00008000 08:01 918064     /usr/lib/i386-linux-gnu/libXrender.so.1.3.0
8e10d000-8e10e000 rw-p 00000000 00:00 0 
8e10e000-8e112000 r--s 0008a000 08:01 924084     /home/seb/jdk1.7.0_40/jre/lib/jsse.jar
8e112000-8e116000 r--s 000f7000 08:01 924018     /home/seb/jdk1.7.0_40/jre/lib/ext/localedata.jar
8e116000-8e11c000 r--s 00000000 08:01 1045000    /var/cache/fontconfig/3f7329c5293ffd510edef78f73874cfd-le32d4.cache-3
8e11c000-8e123000 r--s 00000000 08:01 1044997    /var/cache/fontconfig/83bf95040141907cd45bb53cf7c1c148-le32d4.cache-3
8e123000-8e12c000 r--s 0006f000 08:01 1176628    /home/seb/depot_git/RMIaou/lib/log4j-1.2.17.jar
8e12c000-8e12f000 r-xp 00000000 08:01 924063     /home/seb/jdk1.7.0_40/jre/lib/i386/libdt_socket.so
8e12f000-8e130000 rw-p 00003000 08:01 924063     /home/seb/jdk1.7.0_40/jre/lib/i386/libdt_socket.so
8e130000-8e137000 r--s 00000000 08:01 918667     /usr/lib/i386-linux-gnu/gconv/gconv-modules.cache
8e137000-8f553000 rw-p 00000000 00:00 0 
8f553000-8f554000 ---p 00000000 00:00 0 
8f554000-8f5d4000 rw-p 00000000 00:00 0 
8f5d4000-8f5d5000 ---p 00000000 00:00 0 
8f5d5000-8f655000 rw-p 00000000 00:00 0 
8f655000-8f656000 ---p 00000000 00:00 0 
8f656000-8f6d6000 rw-p 00000000 00:00 0 
8f6d6000-8f6d7000 ---p 00000000 00:00 0 
8f6d7000-8f75f000 rw-p 00000000 00:00 0 
8f75f000-8f777000 rw-p 00000000 00:00 0 
8f777000-8f782000 rw-p 00000000 00:00 0 
8f782000-8f821000 rw-p 00000000 00:00 0 
8f821000-8f829000 rw-p 00000000 00:00 0 
8f829000-8f841000 rw-p 00000000 00:00 0 
8f841000-8f84c000 rw-p 00000000 00:00 0 
8f84c000-8f8ea000 rw-p 00000000 00:00 0 
8f8ea000-8f8f0000 rw-p 00000000 00:00 0 
8f8f0000-8f93f000 rw-p 00000000 00:00 0 
8f93f000-90940000 rw-p 00000000 00:00 0 
90940000-93940000 rw-p 00000000 00:00 0 
93940000-94e40000 rw-p 00000000 00:00 0 
94e40000-a8bc0000 rw-p 00000000 00:00 0 
a8bc0000-a9680000 rw-p 00000000 00:00 0 
a9680000-b3540000 rw-p 00000000 00:00 0 
b3540000-b354b000 rw-p 00000000 00:00 0 
b354b000-b3602000 rw-p 00000000 00:00 0 
b3602000-b3842000 rwxp 00000000 00:00 0 
b3842000-b6602000 rw-p 00000000 00:00 0 
b6602000-b6619000 r-xp 00000000 08:01 924077     /home/seb/jdk1.7.0_40/jre/lib/i386/libzip.so
b6619000-b661a000 rw-p 00017000 08:01 924077     /home/seb/jdk1.7.0_40/jre/lib/i386/libzip.so
b661a000-b6624000 r-xp 00000000 08:01 391883     /lib/i386-linux-gnu/i686/cmov/libnss_files-2.13.so
b6624000-b6625000 r--p 00009000 08:01 391883     /lib/i386-linux-gnu/i686/cmov/libnss_files-2.13.so
b6625000-b6626000 rw-p 0000a000 08:01 391883     /lib/i386-linux-gnu/i686/cmov/libnss_files-2.13.so
b6626000-b662f000 r-xp 00000000 08:01 391887     /lib/i386-linux-gnu/i686/cmov/libnss_nis-2.13.so
b662f000-b6630000 r--p 00008000 08:01 391887     /lib/i386-linux-gnu/i686/cmov/libnss_nis-2.13.so
b6630000-b6631000 rw-p 00009000 08:01 391887     /lib/i386-linux-gnu/i686/cmov/libnss_nis-2.13.so
b6631000-b6644000 r-xp 00000000 08:01 391877     /lib/i386-linux-gnu/i686/cmov/libnsl-2.13.so
b6644000-b6645000 r--p 00012000 08:01 391877     /lib/i386-linux-gnu/i686/cmov/libnsl-2.13.so
b6645000-b6646000 rw-p 00013000 08:01 391877     /lib/i386-linux-gnu/i686/cmov/libnsl-2.13.so
b6646000-b6648000 rw-p 00000000 00:00 0 
b6648000-b664e000 r-xp 00000000 08:01 391879     /lib/i386-linux-gnu/i686/cmov/libnss_compat-2.13.so
b664e000-b664f000 r--p 00005000 08:01 391879     /lib/i386-linux-gnu/i686/cmov/libnss_compat-2.13.so
b664f000-b6650000 rw-p 00006000 08:01 391879     /lib/i386-linux-gnu/i686/cmov/libnss_compat-2.13.so
b6650000-b665e000 rw-p 00000000 00:00 0 
b665e000-b6666000 rw-s 00000000 08:01 664479     /tmp/hsperfdata_seb/6889
b6666000-b67dd000 r--p 00000000 08:01 1055823    /usr/lib/locale/locale-archive
b67dd000-b6814000 r-xp 00000000 08:01 924056     /home/seb/jdk1.7.0_40/jre/lib/i386/libjdwp.so
b6814000-b6815000 rw-p 00037000 08:01 924056     /home/seb/jdk1.7.0_40/jre/lib/i386/libjdwp.so
b6815000-b6838000 r-xp 00000000 08:01 924046     /home/seb/jdk1.7.0_40/jre/lib/i386/libjava.so
b6838000-b6839000 rw-p 00022000 08:01 924046     /home/seb/jdk1.7.0_40/jre/lib/i386/libjava.so
b6839000-b6840000 r-xp 00000000 08:01 391896     /lib/i386-linux-gnu/i686/cmov/librt-2.13.so
b6840000-b6841000 r--p 00006000 08:01 391896     /lib/i386-linux-gnu/i686/cmov/librt-2.13.so
b6841000-b6842000 rw-p 00007000 08:01 391896     /lib/i386-linux-gnu/i686/cmov/librt-2.13.so
b6842000-b6845000 ---p 00000000 00:00 0 
b6845000-b6893000 rw-p 00000000 00:00 0 
b6893000-b68b7000 r-xp 00000000 08:01 391874     /lib/i386-linux-gnu/i686/cmov/libm-2.13.so
b68b7000-b68b8000 r--p 00023000 08:01 391874     /lib/i386-linux-gnu/i686/cmov/libm-2.13.so
b68b8000-b68b9000 rw-p 00024000 08:01 391874     /lib/i386-linux-gnu/i686/cmov/libm-2.13.so
b68b9000-b7130000 r-xp 00000000 08:01 1177965    /home/seb/jdk1.7.0_40/jre/lib/i386/server/libjvm.so
b7130000-b7194000 rw-p 00877000 08:01 1177965    /home/seb/jdk1.7.0_40/jre/lib/i386/server/libjvm.so
b7194000-b75b8000 rw-p 00000000 00:00 0 
b75b8000-b7714000 r-xp 00000000 08:01 391866     /lib/i386-linux-gnu/i686/cmov/libc-2.13.so
b7714000-b7715000 ---p 0015c000 08:01 391866     /lib/i386-linux-gnu/i686/cmov/libc-2.13.so
b7715000-b7717000 r--p 0015c000 08:01 391866     /lib/i386-linux-gnu/i686/cmov/libc-2.13.so
b7717000-b7718000 rw-p 0015e000 08:01 391866     /lib/i386-linux-gnu/i686/cmov/libc-2.13.so
b7718000-b771b000 rw-p 00000000 00:00 0 
b771b000-b771d000 r-xp 00000000 08:01 391872     /lib/i386-linux-gnu/i686/cmov/libdl-2.13.so
b771d000-b771e000 r--p 00001000 08:01 391872     /lib/i386-linux-gnu/i686/cmov/libdl-2.13.so
b771e000-b771f000 rw-p 00002000 08:01 391872     /lib/i386-linux-gnu/i686/cmov/libdl-2.13.so
b771f000-b7732000 r-xp 00000000 08:01 1177961    /home/seb/jdk1.7.0_40/jre/lib/i386/jli/libjli.so
b7732000-b7733000 rw-p 00012000 08:01 1177961    /home/seb/jdk1.7.0_40/jre/lib/i386/jli/libjli.so
b7733000-b7734000 rw-p 00000000 00:00 0 
b7734000-b7749000 r-xp 00000000 08:01 391892     /lib/i386-linux-gnu/i686/cmov/libpthread-2.13.so
b7749000-b774a000 r--p 00014000 08:01 391892     /lib/i386-linux-gnu/i686/cmov/libpthread-2.13.so
b774a000-b774b000 rw-p 00015000 08:01 391892     /lib/i386-linux-gnu/i686/cmov/libpthread-2.13.so
b774b000-b774d000 rw-p 00000000 00:00 0 
b774d000-b774f000 r--s 00000000 08:01 1044976    /var/cache/fontconfig/e13b20fdb08344e0e664864cc2ede53d-le32d4.cache-3
b774f000-b7751000 r-xp 00000000 08:01 919247     /usr/lib/i386-linux-gnu/libXau.so.6.0.0
b7751000-b7752000 rw-p 00001000 08:01 919247     /usr/lib/i386-linux-gnu/libXau.so.6.0.0
b7752000-b7754000 r-xp 00000000 08:01 924075     /home/seb/jdk1.7.0_40/jre/lib/i386/libnpt.so
b7754000-b7755000 rw-p 00002000 08:01 924075     /home/seb/jdk1.7.0_40/jre/lib/i386/libnpt.so
b7755000-b7756000 rw-p 00000000 00:00 0 
b7756000-b7757000 r--p 00000000 00:00 0 
b7757000-b7762000 r-xp 00000000 08:01 924032     /home/seb/jdk1.7.0_40/jre/lib/i386/libverify.so
b7762000-b7763000 rw-p 0000b000 08:01 924032     /home/seb/jdk1.7.0_40/jre/lib/i386/libverify.so
b7763000-b7765000 rw-p 00000000 00:00 0 
b7765000-b7766000 r-xp 00000000 00:00 0          [vdso]
b7766000-b7782000 r-xp 00000000 08:01 391902     /lib/i386-linux-gnu/ld-2.13.so
b7782000-b7783000 r--p 0001b000 08:01 391902     /lib/i386-linux-gnu/ld-2.13.so
b7783000-b7784000 rw-p 0001c000 08:01 391902     /lib/i386-linux-gnu/ld-2.13.so
bff61000-bff82000 rw-p 00000000 00:00 0          [stack]

VM Arguments:
jvm_args: -agentlib:jdwp=transport=dt_socket,suspend=y,address=localhost:57070 -Dfile.encoding=UTF-8 
java_command: client.LaunchClient
Launcher Type: SUN_STANDARD

Environment Variables:
PATH=/usr/local/bin:/usr/bin:/bin:/usr/local/games:/usr/games
LD_LIBRARY_PATH=/home/seb/jdk1.7.0_40/jre/lib/i386/server:/home/seb/jdk1.7.0_40/jre/lib/i386:/home/seb/jdk1.7.0_40/jre/../lib/i386:/usr/lib/jvm/java-7-openjdk-i386/jre/lib/i386/client:/usr/lib/jvm/java-7-openjdk-i386/jre/lib/i386:
SHELL=/bin/bash
DISPLAY=:0

Signal Handlers:
SIGSEGV: [libjvm.so+0x7dcc00], sa_mask[0]=0x7ffbfeff, sa_flags=0x10000004
SIGBUS: [libjvm.so+0x7dcc00], sa_mask[0]=0x7ffbfeff, sa_flags=0x10000004
SIGFPE: [libjvm.so+0x678400], sa_mask[0]=0x7ffbfeff, sa_flags=0x10000004
SIGPIPE: [libjvm.so+0x678400], sa_mask[0]=0x7ffbfeff, sa_flags=0x10000004
SIGXFSZ: [libjvm.so+0x678400], sa_mask[0]=0x7ffbfeff, sa_flags=0x10000004
SIGILL: [libjvm.so+0x678400], sa_mask[0]=0x7ffbfeff, sa_flags=0x10000004
SIGUSR1: SIG_DFL, sa_mask[0]=0x00000000, sa_flags=0x00000000
SIGUSR2: [libjvm.so+0x6798f0], sa_mask[0]=0x00000004, sa_flags=0x10000004
SIGHUP: [libjvm.so+0x67aa40], sa_mask[0]=0x7ffbfeff, sa_flags=0x10000004
SIGINT: [libjvm.so+0x67aa40], sa_mask[0]=0x7ffbfeff, sa_flags=0x10000004
SIGTERM: [libjvm.so+0x67aa40], sa_mask[0]=0x7ffbfeff, sa_flags=0x10000004
SIGQUIT: [libjvm.so+0x67aa40], sa_mask[0]=0x7ffbfeff, sa_flags=0x10000004


---------------  S Y S T E M  ---------------

OS:7.2

uname:Linux 3.2.0-4-686-pae #1 SMP Debian 3.2.51-1 i686
libc:glibc 2.13 NPTL 2.13 
rlimit: STACK 8192k, CORE 0k, NPROC 16125, NOFILE 4096, AS infinity
load average:0.23 0.38 0.36

/proc/meminfo:
MemTotal:        2074364 kB
MemFree:          133068 kB
Buffers:           25524 kB
Cached:           981392 kB
SwapCached:            0 kB
Active:          1271252 kB
Inactive:         598112 kB
Active(anon):     595272 kB
Inactive(anon):   280784 kB
Active(file):     675980 kB
Inactive(file):   317328 kB
Unevictable:           0 kB
Mlocked:               0 kB
HighTotal:       1185736 kB
HighFree:          15052 kB
LowTotal:         888628 kB
LowFree:          118016 kB
SwapTotal:        901116 kB
SwapFree:         901008 kB
Dirty:               136 kB
Writeback:             0 kB
AnonPages:        862580 kB
Mapped:           173436 kB
Shmem:             13608 kB
Slab:              46732 kB
SReclaimable:      32932 kB
SUnreclaim:        13800 kB
KernelStack:        3872 kB
PageTables:        10040 kB
NFS_Unstable:          0 kB
Bounce:                0 kB
WritebackTmp:          0 kB
CommitLimit:     1938296 kB
Committed_AS:    2441172 kB
VmallocTotal:     122880 kB
VmallocUsed:       28436 kB
VmallocChunk:      93712 kB
HardwareCorrupted:     0 kB
AnonHugePages:         0 kB
HugePages_Total:       0
HugePages_Free:        0
HugePages_Rsvd:        0
HugePages_Surp:        0
Hugepagesize:       2048 kB
DirectMap4k:       10232 kB
DirectMap2M:      901120 kB


CPU:total 4 (4 cores per cpu, 1 threads per core) family 6 model 42 stepping 7, cmov, cx8, fxsr, mmx, sse, sse2, sse3, ssse3, tsc

/proc/cpuinfo:
processor	: 0
vendor_id	: GenuineIntel
cpu family	: 6
model		: 42
model name	: Intel(R) Core(TM) i7-2600K CPU @ 3.40GHz
stepping	: 7
cpu MHz		: 3384.945
cache size	: 6144 KB
physical id	: 0
siblings	: 4
core id		: 0
cpu cores	: 4
apicid		: 0
initial apicid	: 0
fdiv_bug	: no
hlt_bug		: no
f00f_bug	: no
coma_bug	: no
fpu		: yes
fpu_exception	: yes
cpuid level	: 5
wp		: yes
flags		: fpu vme de pse tsc msr pae mce cx8 apic sep mtrr pge mca cmov pat pse36 clflush mmx fxsr sse sse2 ht syscall nx rdtscp lm constant_tsc pni ssse3 lahf_lm
bogomips	: 6769.89
clflush size	: 64
cache_alignment	: 64
address sizes	: 36 bits physical, 48 bits virtual
power management:

processor	: 1
vendor_id	: GenuineIntel
cpu family	: 6
model		: 42
model name	: Intel(R) Core(TM) i7-2600K CPU @ 3.40GHz
stepping	: 7
cpu MHz		: 3384.945
cache size	: 6144 KB
physical id	: 0
siblings	: 4
core id		: 1
cpu cores	: 4
apicid		: 1
initial apicid	: 1
fdiv_bug	: no
hlt_bug		: no
f00f_bug	: no
coma_bug	: no
fpu		: yes
fpu_exception	: yes
cpuid level	: 5
wp		: yes
flags		: fpu vme de pse tsc msr pae mce cx8 apic sep mtrr pge mca cmov pat pse36 clflush mmx fxsr sse sse2 ht syscall nx rdtscp lm constant_tsc pni ssse3 lahf_lm
bogomips	: 6790.89
clflush size	: 64
cache_alignment	: 64
address sizes	: 36 bits physical, 48 bits virtual
power management:

processor	: 2
vendor_id	: GenuineIntel
cpu family	: 6
model		: 42
model name	: Intel(R) Core(TM) i7-2600K CPU @ 3.40GHz
stepping	: 7
cpu MHz		: 3384.945
cache size	: 6144 KB
physical id	: 0
siblings	: 4
core id		: 2
cpu cores	: 4
apicid		: 2
initial apicid	: 2
fdiv_bug	: no
hlt_bug		: no
f00f_bug	: no
coma_bug	: no
fpu		: yes
fpu_exception	: yes
cpuid level	: 5
wp		: yes
flags		: fpu vme de pse tsc msr pae mce cx8 apic sep mtrr pge mca cmov pat pse36 clflush mmx fxsr sse sse2 ht syscall nx rdtscp lm constant_tsc pni ssse3 lahf_lm
bogomips	: 6794.71
clflush size	: 64
cache_alignment	: 64
address sizes	: 36 bits physical, 48 bits virtual
power management:

processor	: 3
vendor_id	: GenuineIntel
cpu family	: 6
model		: 42
model name	: Intel(R) Core(TM) i7-2600K CPU @ 3.40GHz
stepping	: 7
cpu MHz		: 3384.945
cache size	: 6144 KB
physical id	: 0
siblings	: 4
core id		: 3
cpu cores	: 4
apicid		: 3
initial apicid	: 3
fdiv_bug	: no
hlt_bug		: no
f00f_bug	: no
coma_bug	: no
fpu		: yes
fpu_exception	: yes
cpuid level	: 5
wp		: yes
flags		: fpu vme de pse tsc msr pae mce cx8 apic sep mtrr pge mca cmov pat pse36 clflush mmx fxsr sse sse2 ht syscall nx rdtscp lm constant_tsc pni ssse3 lahf_lm
bogomips	: 6794.25
clflush size	: 64
cache_alignment	: 64
address sizes	: 36 bits physical, 48 bits virtual
power management:



Memory: 4k page, physical 2074364k(133068k free), swap 901116k(901008k free)

vm_info: Java HotSpot(TM) Server VM (24.0-b56) for linux-x86 JRE (1.7.0_40-b43), built on Aug 26 2013 22:01:21 by "java_re" with gcc 4.3.0 20080428 (Red Hat 4.3.0-8)

time: Tue Oct 15 08:29:39 2013
elapsed time: 124 seconds

