#
# A fatal error has been detected by the Java Runtime Environment:
#
#  SIGSEGV (0xb) at pc=0xb6cead48, pid=7326, tid=2378169200
#
# JRE version: Java(TM) SE Runtime Environment (7.0_40-b43) (build 1.7.0_40-b43)
# Java VM: Java HotSpot(TM) Server VM (24.0-b56 mixed mode linux-x86 )
# Problematic frame:
# V  [libjvm.so+0x483d48]  java_lang_String::utf8_length(oopDesc*)+0x58
#
# Failed to write core dump. Core dumps have been disabled. To enable core dumping, try "ulimit -c unlimited" before starting Java again
#
# If you would like to submit a bug report, please visit:
#   http://bugreport.sun.com/bugreport/crash.jsp
#

---------------  T H R E A D  ---------------

Current thread (0x084cd800):  JavaThread "JDWP Transport Listener: dt_socket" daemon [_thread_in_vm, id=7345, stack(0x8dbaf000,0x8dc00000)]

siginfo:si_signo=SIGSEGV: si_errno=0, si_code=1 (SEGV_MAPERR), si_addr=0x00000008

Registers:
EAX=0x00000000, EBX=0xb7129c10, ECX=0x00000000, EDX=0xa91e4e98
ESP=0x8dbfecd0, EBP=0x8dbfecd8, ESI=0x00000000, EDI=0x00000ffc
EIP=0xb6cead48, EFLAGS=0x00210246, CR2=0x00000008

Top of Stack: (sp=0x8dbfecd0)
0x8dbfecd0:   b7129c10 084cd800 8dbfed28 b6d34a68
0x8dbfece0:   a91e4e98 084cd930 8dbfed28 b67b517b
0x8dbfecf0:   084cd930 a91e4e98 08395c60 b67c216c
0x8dbfed00:   084b2bd0 8dbfeefc 084cd800 00000000
0x8dbfed10:   084b2bd0 8dbfeefc 084cd800 b67c216c
0x8dbfed20:   8dbfeefc 084cd930 8dbfed58 b6794473
0x8dbfed30:   084cd930 084b2bd0 00000000 b67aa968
0x8dbfed40:   00000008 00000032 084b2bd0 b67c216c 

Instructions: (pc=0xb6cead48)
0xb6cead28:   02 31 d2 85 c0 74 04 8d 54 4e 0c 56 56 50 52 e8
0xb6cead38:   c4 88 33 00 8d 65 f8 5b 5e 5d c3 90 8d 74 26 00
0xb6cead48:   8b 46 08 eb dc 90 66 90 55 89 e5 57 56 53 83 ec
0xb6cead58:   1c e8 00 00 00 00 5b 81 c3 b2 ee 43 00 8b 83 54 

Register to memory mapping:

EAX=0x00000000 is an unknown value
EBX=0xb7129c10: <offset 0x8c2c10> in /home/seb/jdk1.7.0_40/jre/lib/i386/server/libjvm.so at 0xb6867000
ECX=0x00000000 is an unknown value
EDX=0xa91e4e98 is an oop
java.lang.String 
 - klass: 'java/lang/String'
ESP=0x8dbfecd0 is pointing into the stack for thread: 0x084cd800
EBP=0x8dbfecd8 is pointing into the stack for thread: 0x084cd800
ESI=0x00000000 is an unknown value
EDI=0x00000ffc is an unknown value


Stack: [0x8dbaf000,0x8dc00000],  sp=0x8dbfecd0,  free space=319k
Native frames: (J=compiled Java code, j=interpreted, Vv=VM code, C=native code)
V  [libjvm.so+0x483d48]  java_lang_String::utf8_length(oopDesc*)+0x58
V  [libjvm.so+0x4cda68]  jni_GetStringUTFChars+0xa8
C  [libjdwp.so+0x9473]  value+0x93
C  [libjdwp.so+0x12813]  debugLoop_run+0x303
C  [libjdwp.so+0x26f7f]  connectionInitiated+0xbf
C  [libjdwp.so+0x26fc0]  attachThread+0x30
V  [libjvm.so+0x57301c]  JvmtiAgentThread::call_start_function()+0x9c
V  [libjvm.so+0x798d49]  JavaThread::thread_main_inner()+0x109
V  [libjvm.so+0x798ea3]  JavaThread::run()+0x123
V  [libjvm.so+0x67d999]  java_start(Thread*)+0x119
C  [libpthread.so.0+0x5c39]  start_thread+0xc9


---------------  P R O C E S S  ---------------

Java Threads: ( => current thread )
  0x08747400 JavaThread "RMI Reaper" [_thread_blocked, id=7373, stack(0x8cf6b000,0x8cfbc000)]
  0x0869fc00 JavaThread "RMI TCP Accept-0" daemon [_thread_in_native, id=7372, stack(0x8cfbc000,0x8d00d000)]
  0x8d3d4000 JavaThread "GC Daemon" daemon [_thread_blocked, id=7369, stack(0x8d00d000,0x8d05e000)]
  0x8d3b5800 JavaThread "RMI RenewClean-[127.0.1.1:36022]" daemon [_thread_blocked, id=7368, stack(0x8d05e000,0x8d0af000)]
  0x8d3b4800 JavaThread "RMI Scheduler(0)" daemon [_thread_blocked, id=7367, stack(0x8d0af000,0x8d100000)]
  0x8d3b3000 JavaThread "RMI TCP Accept-10011" daemon [_thread_in_native, id=7365, stack(0x8d20d000,0x8d25e000)]
  0x8d378000 JavaThread "TimerQueue" daemon [_thread_blocked, id=7362, stack(0x8d25e000,0x8d2af000)]
  0x8d36a800 JavaThread "DestroyJavaVM" [_thread_blocked, id=7334, stack(0xb67f0000,0xb6841000)]
  0x8d362400 JavaThread "AWT-EventQueue-0" [_thread_blocked, id=7360, stack(0x8d2af000,0x8d300000)]
  0x8d361400 JavaThread "AWT-Shutdown" [_thread_blocked, id=7359, stack(0x8d4d9000,0x8d52a000)]
  0x8dcb2800 JavaThread "AWT-XAWT" daemon [_thread_in_native, id=7358, stack(0x8d5d8000,0x8d629000)]
  0x8dc9b400 JavaThread "Java2D Disposer" daemon [_thread_blocked, id=7357, stack(0x8d639000,0x8d68a000)]
  0x8dc09400 JavaThread "Service Thread" daemon [_thread_blocked, id=7355, stack(0x8d9ba000,0x8da0b000)]
  0x084d6800 JavaThread "C2 CompilerThread1" daemon [_thread_blocked, id=7354, stack(0x8da0b000,0x8da8c000)]
  0x084d4400 JavaThread "C2 CompilerThread0" daemon [_thread_blocked, id=7353, stack(0x8da8c000,0x8db0d000)]
  0x084d1c00 JavaThread "JDWP Command Reader" daemon [_thread_in_native, id=7349, stack(0x8db0d000,0x8db5e000)]
  0x084d0000 JavaThread "JDWP Event Helper Thread" daemon [_thread_blocked, id=7347, stack(0x8db5e000,0x8dbaf000)]
=>0x084cd800 JavaThread "JDWP Transport Listener: dt_socket" daemon [_thread_in_vm, id=7345, stack(0x8dbaf000,0x8dc00000)]
  0x084c5000 JavaThread "Signal Dispatcher" daemon [_thread_blocked, id=7343, stack(0x8dd00000,0x8dd51000)]
  0x084b5800 JavaThread "Finalizer" daemon [_thread_blocked, id=7341, stack(0x8dd51000,0x8dda2000)]
  0x084b3000 JavaThread "Reference Handler" daemon [_thread_blocked, id=7340, stack(0x8dda2000,0x8ddf3000)]

Other Threads:
  0x084b1400 VMThread [stack: 0x8ddf3000,0x8de74000] [id=7339]
  0x8dc0b400 WatcherThread [stack: 0x8d939000,0x8d9ba000] [id=7356]

VM state:not at safepoint (normal execution)

VM Mutex/Monitor currently owned by a thread: None

Heap
 PSYoungGen      total 9728K, used 7145K [0xa8b40000, 0xa9600000, 0xb34c0000)
  eden space 8448K, 84% used [0xa8b40000,0xa923a600,0xa9380000)
  from space 1280K, 0% used [0xa94c0000,0xa94c0000,0xa9600000)
  to   space 1280K, 0% used [0xa9380000,0xa9380000,0xa94c0000)
 ParOldGen       total 21504K, used 0K [0x938c0000, 0x94dc0000, 0xa8b40000)
  object space 21504K, 0% used [0x938c0000,0x938c0000,0x94dc0000)
 PSPermGen       total 16384K, used 9202K [0x8f8c0000, 0x908c0000, 0x938c0000)
  object space 16384K, 56% used [0x8f8c0000,0x901bc828,0x908c0000)

Card table byte_map: [0x8f7a1000,0x8f8c0000] byte_map_base: 0x8f324a00

Polling page: 0xb7704000

Code Cache  [0xb35b0000, 0xb37f0000, 0xb65b0000)
 total_blobs=281 nmethods=49 adapters=194 free_code_cache=48755Kb largest_free_block=49904960

Compilation events (10 events):
Event: 3.199 Thread 0x084d4400   45             java.util.ArrayList::size (5 bytes)
Event: 3.200 Thread 0x084d4400 nmethod 45 0xb3610a08 code [0xb3610ae0, 0xb3610b30]
Event: 3.201 Thread 0x084d6800   46             java.util.concurrent.locks.AbstractOwnableSynchronizer::getExclusiveOwnerThread (5 bytes)
Event: 3.202 Thread 0x084d6800 nmethod 46 0xb3610d08 code [0xb3610de0, 0xb3610e30]
Event: 3.339 Thread 0x084d4400   47             java.util.concurrent.locks.AbstractQueuedSynchronizer::setState (6 bytes)
Event: 3.339 Thread 0x084d4400 nmethod 47 0xb360c448 code [0xb360c520, 0xb360c570]
Event: 3.569 Thread 0x084d4400   49             java.util.logging.Level::intValue (5 bytes)
Event: 3.569 Thread 0x084d4400 nmethod 49 0xb3616108 code [0xb36161e0, 0xb3616230]
Event: 3.852 Thread 0x084d6800   50             java.util.concurrent.locks.AbstractOwnableSynchronizer::setExclusiveOwnerThread (6 bytes)
Event: 3.852 Thread 0x084d6800 nmethod 50 0xb3615f88 code [0xb3616060, 0xb36160b0]

GC Heap History (0 events):
No events

Deoptimization events (7 events):
Event: 0.344 Thread 0x08342800 Uncommon trap: reason=class_check action=maybe_recompile pc=0xb36062b8 method=java.util.Properties$LineReader.readLine()I @ 62
Event: 0.345 Thread 0x08342800 Uncommon trap: reason=class_check action=maybe_recompile pc=0xb36062b8 method=java.util.Properties$LineReader.readLine()I @ 62
Event: 0.365 Thread 0x08342800 Uncommon trap: reason=class_check action=maybe_recompile pc=0xb36034d4 method=java.lang.String.equals(Ljava/lang/Object;)Z @ 8
Event: 0.366 Thread 0x08342800 Uncommon trap: reason=class_check action=maybe_recompile pc=0xb36034d4 method=java.lang.String.equals(Ljava/lang/Object;)Z @ 8
Event: 0.366 Thread 0x08342800 Uncommon trap: reason=class_check action=maybe_recompile pc=0xb36034d4 method=java.lang.String.equals(Ljava/lang/Object;)Z @ 8
Event: 0.367 Thread 0x08342800 Uncommon trap: reason=class_check action=maybe_recompile pc=0xb36034d4 method=java.lang.String.equals(Ljava/lang/Object;)Z @ 8
Event: 3.184 Thread 0x8d362400 Uncommon trap: reason=unreached action=reinterpret pc=0xb36133d0 method=java.lang.AbstractStringBuilder.append(Ljava/lang/String;)Ljava/lang/AbstractStringBuilder; @ 1

Internal exceptions (10 events):
Event: 3.182 Thread 0x8d362400 Threw 0xa91a71a8 at /HUDSON/workspace/jdk7u40-2-build-linux-i586-product/jdk7u40/hotspot/src/share/vm/prims/jvm.cpp:1244
Event: 3.183 Thread 0x8d362400 Threw 0xa91aaa20 at /HUDSON/workspace/jdk7u40-2-build-linux-i586-product/jdk7u40/hotspot/src/share/vm/prims/jvm.cpp:1244
Event: 3.184 Thread 0x8d362400 Implicit null exception at 0xb3612f9f to 0xb36133bd
Event: 3.185 Thread 0x8d362400 Threw 0xa91b0eb8 at /HUDSON/workspace/jdk7u40-2-build-linux-i586-product/jdk7u40/hotspot/src/share/vm/prims/jvm.cpp:1244
Event: 3.186 Thread 0x8d362400 Threw 0xa91b3328 at /HUDSON/workspace/jdk7u40-2-build-linux-i586-product/jdk7u40/hotspot/src/share/vm/prims/jvm.cpp:1244
Event: 3.192 Thread 0x8d362400 Threw 0xa91cb068 at /HUDSON/workspace/jdk7u40-2-build-linux-i586-product/jdk7u40/hotspot/src/share/vm/prims/jvm.cpp:1244
Event: 3.192 Thread 0x8d362400 Threw 0xa91cd4c0 at /HUDSON/workspace/jdk7u40-2-build-linux-i586-product/jdk7u40/hotspot/src/share/vm/prims/jvm.cpp:1244
Event: 3.195 Thread 0x8d362400 Threw 0xa91db1e0 at /HUDSON/workspace/jdk7u40-2-build-linux-i586-product/jdk7u40/hotspot/src/share/vm/prims/jvm.cpp:1244
Event: 3.202 Thread 0x8d362400 Threw 0xa91e12f0 at /HUDSON/workspace/jdk7u40-2-build-linux-i586-product/jdk7u40/hotspot/src/share/vm/prims/jvm.cpp:1244
Event: 6.600 Thread 0x8d362400 Threw 0xa91e35b0 at /HUDSON/workspace/jdk7u40-2-build-linux-i586-product/jdk7u40/hotspot/src/share/vm/prims/jvm.cpp:1244

Events (10 events):
Event: 40.517 Executing VM operation: GetCurrentLocation
Event: 40.517 Executing VM operation: GetCurrentLocation done
Event: 40.517 Executing VM operation: ChangeSingleStep
Event: 40.518 Executing VM operation: ChangeSingleStep done
Event: 40.518 Executing VM operation: ChangeSingleStep
Event: 40.518 Executing VM operation: ChangeSingleStep done
Event: 40.535 Executing VM operation: GetOrSetLocal
Event: 40.536 Executing VM operation: GetOrSetLocal done
Event: 40.539 Executing VM operation: GetOrSetLocal
Event: 40.540 Executing VM operation: GetOrSetLocal done


Dynamic libraries:
08048000-08049000 r-xp 00000000 08:01 923987     /home/seb/jdk1.7.0_40/bin/java
08049000-0804a000 rw-p 00000000 08:01 923987     /home/seb/jdk1.7.0_40/bin/java
08339000-087fa000 rw-p 00000000 00:00 0          [heap]
8cd52000-8cf6b000 rw-p 00000000 00:00 0 
8cf6b000-8cf6e000 ---p 00000000 00:00 0 
8cf6e000-8cfbc000 rw-p 00000000 00:00 0 
8cfbc000-8cfbf000 ---p 00000000 00:00 0 
8cfbf000-8d00d000 rw-p 00000000 00:00 0 
8d00d000-8d010000 ---p 00000000 00:00 0 
8d010000-8d05e000 rw-p 00000000 00:00 0 
8d05e000-8d061000 ---p 00000000 00:00 0 
8d061000-8d0af000 rw-p 00000000 00:00 0 
8d0af000-8d0b2000 ---p 00000000 00:00 0 
8d0b2000-8d100000 rw-p 00000000 00:00 0 
8d100000-8d177000 rw-p 00000000 00:00 0 
8d177000-8d200000 ---p 00000000 00:00 0 
8d20d000-8d210000 ---p 00000000 00:00 0 
8d210000-8d25e000 rw-p 00000000 00:00 0 
8d25e000-8d261000 ---p 00000000 00:00 0 
8d261000-8d2af000 rw-p 00000000 00:00 0 
8d2af000-8d2b2000 ---p 00000000 00:00 0 
8d2b2000-8d300000 rw-p 00000000 00:00 0 
8d300000-8d3ec000 rw-p 00000000 00:00 0 
8d3ec000-8d400000 ---p 00000000 00:00 0 
8d432000-8d492000 r-xp 00000000 08:01 924055     /home/seb/jdk1.7.0_40/jre/lib/i386/libt2k.so
8d492000-8d496000 rw-p 0005f000 08:01 924055     /home/seb/jdk1.7.0_40/jre/lib/i386/libt2k.so
8d496000-8d49a000 rw-p 00000000 00:00 0 
8d49a000-8d49b000 r--s 00000000 08:01 1051927    /var/cache/fontconfig/c05880de57d1f5e948fdfacc138775d9-le32d4.cache-3
8d49b000-8d4a1000 r--s 00000000 08:01 1051924    /var/cache/fontconfig/945677eb7aeaf62f1d50efc3fb3ec7d8-le32d4.cache-3
8d4a1000-8d4a5000 r--s 00000000 08:01 1051914    /var/cache/fontconfig/6eb3985aa4124903f6ff08ba781cd364-le32d4.cache-3
8d4a5000-8d4ac000 r--s 00000000 08:01 1051913    /var/cache/fontconfig/6d41288fd70b0be22e8c3a91e032eec0-le32d4.cache-3
8d4ac000-8d4ad000 r--s 00000000 08:01 1051911    /var/cache/fontconfig/4794a0821666d79190d59a36cb4f44b5-le32d4.cache-3
8d4ad000-8d4af000 r--s 00000000 08:01 1049402    /var/cache/fontconfig/c57959a16110560c8d0fcea73374aeeb-le32d4.cache-3
8d4af000-8d4b3000 r--s 00000000 08:01 1046608    /var/cache/fontconfig/3047814df9a2f067bd2d96a2b9c36e5a-le32d4.cache-3
8d4b3000-8d4b5000 r--s 00000000 08:01 1045009    /var/cache/fontconfig/e49e89034d371f0f9de17aab02136486-le32d4.cache-3
8d4b5000-8d4b6000 r--s 00000000 08:01 1045008    /var/cache/fontconfig/4b14b093aebc79c320de5e86ae1d3314-le32d4.cache-3
8d4b6000-8d4c3000 r--s 00000000 08:01 1045007    /var/cache/fontconfig/d52a8644073d54c13679302ca1180695-le32d4.cache-3
8d4d9000-8d4dc000 ---p 00000000 00:00 0 
8d4dc000-8d52a000 rw-p 00000000 00:00 0 
8d52a000-8d538000 r-xp 00000000 08:01 924068     /home/seb/jdk1.7.0_40/jre/lib/i386/libnio.so
8d538000-8d539000 rw-p 0000e000 08:01 924068     /home/seb/jdk1.7.0_40/jre/lib/i386/libnio.so
8d539000-8d555000 r-xp 00000000 08:01 391948     /lib/i386-linux-gnu/libgcc_s.so.1
8d555000-8d556000 rw-p 0001b000 08:01 391948     /lib/i386-linux-gnu/libgcc_s.so.1
8d557000-8d56b000 r-xp 00000000 08:01 924059     /home/seb/jdk1.7.0_40/jre/lib/i386/libnet.so
8d56b000-8d56c000 rw-p 00014000 08:01 924059     /home/seb/jdk1.7.0_40/jre/lib/i386/libnet.so
8d56c000-8d5c8000 r-xp 00000000 08:01 924076     /home/seb/jdk1.7.0_40/jre/lib/i386/libfontmanager.so
8d5c8000-8d5cb000 rw-p 0005b000 08:01 924076     /home/seb/jdk1.7.0_40/jre/lib/i386/libfontmanager.so
8d5cb000-8d5cf000 rw-p 00000000 00:00 0 
8d5cf000-8d5d8000 r--s 00250000 08:01 924011     /home/seb/jdk1.7.0_40/jre/lib/resources.jar
8d5d8000-8d5db000 ---p 00000000 00:00 0 
8d5db000-8d629000 rw-p 00000000 00:00 0 
8d629000-8d62d000 r-xp 00000000 08:01 919259     /usr/lib/i386-linux-gnu/libXfixes.so.3.1.0
8d62d000-8d62e000 r--p 00003000 08:01 919259     /usr/lib/i386-linux-gnu/libXfixes.so.3.1.0
8d62e000-8d62f000 rw-p 00004000 08:01 919259     /usr/lib/i386-linux-gnu/libXfixes.so.3.1.0
8d62f000-8d638000 r-xp 00000000 08:01 920135     /usr/lib/i386-linux-gnu/libXcursor.so.1.0.2
8d638000-8d639000 rw-p 00009000 08:01 920135     /usr/lib/i386-linux-gnu/libXcursor.so.1.0.2
8d639000-8d63c000 ---p 00000000 00:00 0 
8d63c000-8d68a000 rw-p 00000000 00:00 0 
8d68a000-8d68f000 r-xp 00000000 08:01 919258     /usr/lib/i386-linux-gnu/libXdmcp.so.6.0.0
8d68f000-8d690000 rw-p 00004000 08:01 919258     /usr/lib/i386-linux-gnu/libXdmcp.so.6.0.0
8d690000-8d6b1000 r-xp 00000000 08:01 918189     /usr/lib/i386-linux-gnu/libxcb.so.1.1.0
8d6b1000-8d6b2000 r--p 00020000 08:01 918189     /usr/lib/i386-linux-gnu/libxcb.so.1.1.0
8d6b2000-8d6b3000 rw-p 00021000 08:01 918189     /usr/lib/i386-linux-gnu/libxcb.so.1.1.0
8d6b3000-8d6c1000 r-xp 00000000 08:01 918058     /usr/lib/i386-linux-gnu/libXi.so.6.1.0
8d6c1000-8d6c2000 rw-p 0000e000 08:01 918058     /usr/lib/i386-linux-gnu/libXi.so.6.1.0
8d6c2000-8d6c7000 r-xp 00000000 08:01 914154     /usr/lib/i386-linux-gnu/libXtst.so.6.1.0
8d6c7000-8d6c8000 rw-p 00004000 08:01 914154     /usr/lib/i386-linux-gnu/libXtst.so.6.1.0
8d6c8000-8d6d1000 r-xp 00000000 08:01 918064     /usr/lib/i386-linux-gnu/libXrender.so.1.3.0
8d6d1000-8d6d2000 rw-p 00008000 08:01 918064     /usr/lib/i386-linux-gnu/libXrender.so.1.3.0
8d6d2000-8d806000 r-xp 00000000 08:01 918191     /usr/lib/i386-linux-gnu/libX11.so.6.3.0
8d806000-8d80a000 rw-p 00133000 08:01 918191     /usr/lib/i386-linux-gnu/libX11.so.6.3.0
8d80a000-8d81b000 r-xp 00000000 08:01 919534     /usr/lib/i386-linux-gnu/libXext.so.6.4.0
8d81b000-8d81c000 rw-p 00010000 08:01 919534     /usr/lib/i386-linux-gnu/libXext.so.6.4.0
8d81f000-8d821000 rw-p 00000000 00:00 0 
8d821000-8d825000 r--s 0008a000 08:01 924084     /home/seb/jdk1.7.0_40/jre/lib/jsse.jar
8d825000-8d82b000 r--s 00000000 08:01 1045000    /var/cache/fontconfig/3f7329c5293ffd510edef78f73874cfd-le32d4.cache-3
8d82b000-8d832000 r--s 00000000 08:01 1044997    /var/cache/fontconfig/83bf95040141907cd45bb53cf7c1c148-le32d4.cache-3
8d832000-8d87b000 r-xp 00000000 08:01 924031     /home/seb/jdk1.7.0_40/jre/lib/i386/xawt/libmawt.so
8d87b000-8d87d000 rw-p 00049000 08:01 924031     /home/seb/jdk1.7.0_40/jre/lib/i386/xawt/libmawt.so
8d87d000-8d87e000 rw-p 00000000 00:00 0 
8d87e000-8d905000 r-xp 00000000 08:01 924027     /home/seb/jdk1.7.0_40/jre/lib/i386/libawt.so
8d905000-8d90c000 rw-p 00086000 08:01 924027     /home/seb/jdk1.7.0_40/jre/lib/i386/libawt.so
8d90c000-8d930000 rw-p 00000000 00:00 0 
8d930000-8d939000 r--s 0006f000 08:01 1176628    /home/seb/depot_git/RMIaou/lib/log4j-1.2.17.jar
8d939000-8d93a000 ---p 00000000 00:00 0 
8d93a000-8d9ba000 rw-p 00000000 00:00 0 
8d9ba000-8d9bd000 ---p 00000000 00:00 0 
8d9bd000-8da0b000 rw-p 00000000 00:00 0 
8da0b000-8da0e000 ---p 00000000 00:00 0 
8da0e000-8da8c000 rw-p 00000000 00:00 0 
8da8c000-8da8f000 ---p 00000000 00:00 0 
8da8f000-8db0d000 rw-p 00000000 00:00 0 
8db0d000-8db10000 ---p 00000000 00:00 0 
8db10000-8db5e000 rw-p 00000000 00:00 0 
8db5e000-8db61000 ---p 00000000 00:00 0 
8db61000-8dbaf000 rw-p 00000000 00:00 0 
8dbaf000-8dbb2000 ---p 00000000 00:00 0 
8dbb2000-8dc00000 rw-p 00000000 00:00 0 
8dc00000-8dcfe000 rw-p 00000000 00:00 0 
8dcfe000-8dd00000 ---p 00000000 00:00 0 
8dd00000-8dd03000 ---p 00000000 00:00 0 
8dd03000-8dd51000 rw-p 00000000 00:00 0 
8dd51000-8dd54000 ---p 00000000 00:00 0 
8dd54000-8dda2000 rw-p 00000000 00:00 0 
8dda2000-8dda5000 ---p 00000000 00:00 0 
8dda5000-8ddf3000 rw-p 00000000 00:00 0 
8ddf3000-8ddf4000 ---p 00000000 00:00 0 
8ddf4000-8debf000 rw-p 00000000 00:00 0 
8debf000-8e07c000 r--s 039d3000 08:01 924000     /home/seb/jdk1.7.0_40/jre/lib/rt.jar
8e07c000-8f4f3000 rw-p 00000000 00:00 0 
8f4f3000-8f4f4000 ---p 00000000 00:00 0 
8f4f4000-8f574000 rw-p 00000000 00:00 0 
8f574000-8f575000 ---p 00000000 00:00 0 
8f575000-8f5f5000 rw-p 00000000 00:00 0 
8f5f5000-8f5f6000 ---p 00000000 00:00 0 
8f5f6000-8f676000 rw-p 00000000 00:00 0 
8f676000-8f677000 ---p 00000000 00:00 0 
8f677000-8f702000 rw-p 00000000 00:00 0 
8f702000-8f7a1000 rw-p 00000000 00:00 0 
8f7a1000-8f7a9000 rw-p 00000000 00:00 0 
8f7a9000-8f7c1000 rw-p 00000000 00:00 0 
8f7c1000-8f7cc000 rw-p 00000000 00:00 0 
8f7cc000-8f86a000 rw-p 00000000 00:00 0 
8f86a000-8f870000 rw-p 00000000 00:00 0 
8f870000-8f8bf000 rw-p 00000000 00:00 0 
8f8bf000-908c0000 rw-p 00000000 00:00 0 
908c0000-938c0000 rw-p 00000000 00:00 0 
938c0000-94dc0000 rw-p 00000000 00:00 0 
94dc0000-a8b40000 rw-p 00000000 00:00 0 
a8b40000-a9600000 rw-p 00000000 00:00 0 
a9600000-b34c0000 rw-p 00000000 00:00 0 
b34c0000-b34c1000 rw-p 00000000 00:00 0 
b34c1000-b34c5000 r--s 000f7000 08:01 924018     /home/seb/jdk1.7.0_40/jre/lib/ext/localedata.jar
b34c5000-b34c8000 r-xp 00000000 08:01 924063     /home/seb/jdk1.7.0_40/jre/lib/i386/libdt_socket.so
b34c8000-b34c9000 rw-p 00003000 08:01 924063     /home/seb/jdk1.7.0_40/jre/lib/i386/libdt_socket.so
b34c9000-b34d0000 r--s 00000000 08:01 918667     /usr/lib/i386-linux-gnu/gconv/gconv-modules.cache
b34d0000-b34d8000 rw-p 00000000 00:00 0 
b34d8000-b34f0000 rw-p 00000000 00:00 0 
b34f0000-b34f9000 rw-p 00000000 00:00 0 
b34f9000-b35b0000 rw-p 00000000 00:00 0 
b35b0000-b37f0000 rwxp 00000000 00:00 0 
b37f0000-b65b0000 rw-p 00000000 00:00 0 
b65b0000-b65c7000 r-xp 00000000 08:01 924077     /home/seb/jdk1.7.0_40/jre/lib/i386/libzip.so
b65c7000-b65c8000 rw-p 00017000 08:01 924077     /home/seb/jdk1.7.0_40/jre/lib/i386/libzip.so
b65c8000-b65d2000 r-xp 00000000 08:01 391883     /lib/i386-linux-gnu/i686/cmov/libnss_files-2.13.so
b65d2000-b65d3000 r--p 00009000 08:01 391883     /lib/i386-linux-gnu/i686/cmov/libnss_files-2.13.so
b65d3000-b65d4000 rw-p 0000a000 08:01 391883     /lib/i386-linux-gnu/i686/cmov/libnss_files-2.13.so
b65d4000-b65dd000 r-xp 00000000 08:01 391887     /lib/i386-linux-gnu/i686/cmov/libnss_nis-2.13.so
b65dd000-b65de000 r--p 00008000 08:01 391887     /lib/i386-linux-gnu/i686/cmov/libnss_nis-2.13.so
b65de000-b65df000 rw-p 00009000 08:01 391887     /lib/i386-linux-gnu/i686/cmov/libnss_nis-2.13.so
b65df000-b65f2000 r-xp 00000000 08:01 391877     /lib/i386-linux-gnu/i686/cmov/libnsl-2.13.so
b65f2000-b65f3000 r--p 00012000 08:01 391877     /lib/i386-linux-gnu/i686/cmov/libnsl-2.13.so
b65f3000-b65f4000 rw-p 00013000 08:01 391877     /lib/i386-linux-gnu/i686/cmov/libnsl-2.13.so
b65f4000-b65f6000 rw-p 00000000 00:00 0 
b65f6000-b65fc000 r-xp 00000000 08:01 391879     /lib/i386-linux-gnu/i686/cmov/libnss_compat-2.13.so
b65fc000-b65fd000 r--p 00005000 08:01 391879     /lib/i386-linux-gnu/i686/cmov/libnss_compat-2.13.so
b65fd000-b65fe000 rw-p 00006000 08:01 391879     /lib/i386-linux-gnu/i686/cmov/libnss_compat-2.13.so
b65fe000-b660c000 rw-p 00000000 00:00 0 
b660c000-b6614000 rw-s 00000000 08:01 664479     /tmp/hsperfdata_seb/7326
b6614000-b678b000 r--p 00000000 08:01 1055823    /usr/lib/locale/locale-archive
b678b000-b67c2000 r-xp 00000000 08:01 924056     /home/seb/jdk1.7.0_40/jre/lib/i386/libjdwp.so
b67c2000-b67c3000 rw-p 00037000 08:01 924056     /home/seb/jdk1.7.0_40/jre/lib/i386/libjdwp.so
b67c3000-b67e6000 r-xp 00000000 08:01 924046     /home/seb/jdk1.7.0_40/jre/lib/i386/libjava.so
b67e6000-b67e7000 rw-p 00022000 08:01 924046     /home/seb/jdk1.7.0_40/jre/lib/i386/libjava.so
b67e7000-b67ee000 r-xp 00000000 08:01 391896     /lib/i386-linux-gnu/i686/cmov/librt-2.13.so
b67ee000-b67ef000 r--p 00006000 08:01 391896     /lib/i386-linux-gnu/i686/cmov/librt-2.13.so
b67ef000-b67f0000 rw-p 00007000 08:01 391896     /lib/i386-linux-gnu/i686/cmov/librt-2.13.so
b67f0000-b67f3000 ---p 00000000 00:00 0 
b67f3000-b6841000 rw-p 00000000 00:00 0 
b6841000-b6865000 r-xp 00000000 08:01 391874     /lib/i386-linux-gnu/i686/cmov/libm-2.13.so
b6865000-b6866000 r--p 00023000 08:01 391874     /lib/i386-linux-gnu/i686/cmov/libm-2.13.so
b6866000-b6867000 rw-p 00024000 08:01 391874     /lib/i386-linux-gnu/i686/cmov/libm-2.13.so
b6867000-b70de000 r-xp 00000000 08:01 1177965    /home/seb/jdk1.7.0_40/jre/lib/i386/server/libjvm.so
b70de000-b7142000 rw-p 00877000 08:01 1177965    /home/seb/jdk1.7.0_40/jre/lib/i386/server/libjvm.so
b7142000-b7566000 rw-p 00000000 00:00 0 
b7566000-b76c2000 r-xp 00000000 08:01 391866     /lib/i386-linux-gnu/i686/cmov/libc-2.13.so
b76c2000-b76c3000 ---p 0015c000 08:01 391866     /lib/i386-linux-gnu/i686/cmov/libc-2.13.so
b76c3000-b76c5000 r--p 0015c000 08:01 391866     /lib/i386-linux-gnu/i686/cmov/libc-2.13.so
b76c5000-b76c6000 rw-p 0015e000 08:01 391866     /lib/i386-linux-gnu/i686/cmov/libc-2.13.so
b76c6000-b76c9000 rw-p 00000000 00:00 0 
b76c9000-b76cb000 r-xp 00000000 08:01 391872     /lib/i386-linux-gnu/i686/cmov/libdl-2.13.so
b76cb000-b76cc000 r--p 00001000 08:01 391872     /lib/i386-linux-gnu/i686/cmov/libdl-2.13.so
b76cc000-b76cd000 rw-p 00002000 08:01 391872     /lib/i386-linux-gnu/i686/cmov/libdl-2.13.so
b76cd000-b76e0000 r-xp 00000000 08:01 1177961    /home/seb/jdk1.7.0_40/jre/lib/i386/jli/libjli.so
b76e0000-b76e1000 rw-p 00012000 08:01 1177961    /home/seb/jdk1.7.0_40/jre/lib/i386/jli/libjli.so
b76e1000-b76e2000 rw-p 00000000 00:00 0 
b76e2000-b76f7000 r-xp 00000000 08:01 391892     /lib/i386-linux-gnu/i686/cmov/libpthread-2.13.so
b76f7000-b76f8000 r--p 00014000 08:01 391892     /lib/i386-linux-gnu/i686/cmov/libpthread-2.13.so
b76f8000-b76f9000 rw-p 00015000 08:01 391892     /lib/i386-linux-gnu/i686/cmov/libpthread-2.13.so
b76f9000-b76fb000 rw-p 00000000 00:00 0 
b76fb000-b76fd000 r--s 00000000 08:01 1044976    /var/cache/fontconfig/e13b20fdb08344e0e664864cc2ede53d-le32d4.cache-3
b76fd000-b76ff000 r-xp 00000000 08:01 919247     /usr/lib/i386-linux-gnu/libXau.so.6.0.0
b76ff000-b7700000 rw-p 00001000 08:01 919247     /usr/lib/i386-linux-gnu/libXau.so.6.0.0
b7700000-b7702000 r-xp 00000000 08:01 924075     /home/seb/jdk1.7.0_40/jre/lib/i386/libnpt.so
b7702000-b7703000 rw-p 00002000 08:01 924075     /home/seb/jdk1.7.0_40/jre/lib/i386/libnpt.so
b7703000-b7704000 rw-p 00000000 00:00 0 
b7704000-b7705000 r--p 00000000 00:00 0 
b7705000-b7710000 r-xp 00000000 08:01 924032     /home/seb/jdk1.7.0_40/jre/lib/i386/libverify.so
b7710000-b7711000 rw-p 0000b000 08:01 924032     /home/seb/jdk1.7.0_40/jre/lib/i386/libverify.so
b7711000-b7713000 rw-p 00000000 00:00 0 
b7713000-b7714000 r-xp 00000000 00:00 0          [vdso]
b7714000-b7730000 r-xp 00000000 08:01 391902     /lib/i386-linux-gnu/ld-2.13.so
b7730000-b7731000 r--p 0001b000 08:01 391902     /lib/i386-linux-gnu/ld-2.13.so
b7731000-b7732000 rw-p 0001c000 08:01 391902     /lib/i386-linux-gnu/ld-2.13.so
bf835000-bf856000 rw-p 00000000 00:00 0          [stack]

VM Arguments:
jvm_args: -agentlib:jdwp=transport=dt_socket,suspend=y,address=localhost:59957 -Dfile.encoding=UTF-8 
java_command: client.LaunchClient
Launcher Type: SUN_STANDARD

Environment Variables:
PATH=/usr/local/bin:/usr/bin:/bin:/usr/local/games:/usr/games
LD_LIBRARY_PATH=/home/seb/jdk1.7.0_40/jre/lib/i386/server:/home/seb/jdk1.7.0_40/jre/lib/i386:/home/seb/jdk1.7.0_40/jre/../lib/i386:/usr/lib/jvm/java-7-openjdk-i386/jre/lib/i386/client:/usr/lib/jvm/java-7-openjdk-i386/jre/lib/i386:
SHELL=/bin/bash
DISPLAY=:0

Signal Handlers:
SIGSEGV: [libjvm.so+0x7dcc00], sa_mask[0]=0x7ffbfeff, sa_flags=0x10000004
SIGBUS: [libjvm.so+0x7dcc00], sa_mask[0]=0x7ffbfeff, sa_flags=0x10000004
SIGFPE: [libjvm.so+0x678400], sa_mask[0]=0x7ffbfeff, sa_flags=0x10000004
SIGPIPE: [libjvm.so+0x678400], sa_mask[0]=0x7ffbfeff, sa_flags=0x10000004
SIGXFSZ: [libjvm.so+0x678400], sa_mask[0]=0x7ffbfeff, sa_flags=0x10000004
SIGILL: [libjvm.so+0x678400], sa_mask[0]=0x7ffbfeff, sa_flags=0x10000004
SIGUSR1: SIG_DFL, sa_mask[0]=0x00000000, sa_flags=0x00000000
SIGUSR2: [libjvm.so+0x6798f0], sa_mask[0]=0x00000004, sa_flags=0x10000004
SIGHUP: [libjvm.so+0x67aa40], sa_mask[0]=0x7ffbfeff, sa_flags=0x10000004
SIGINT: [libjvm.so+0x67aa40], sa_mask[0]=0x7ffbfeff, sa_flags=0x10000004
SIGTERM: [libjvm.so+0x67aa40], sa_mask[0]=0x7ffbfeff, sa_flags=0x10000004
SIGQUIT: [libjvm.so+0x67aa40], sa_mask[0]=0x7ffbfeff, sa_flags=0x10000004


---------------  S Y S T E M  ---------------

OS:7.2

uname:Linux 3.2.0-4-686-pae #1 SMP Debian 3.2.51-1 i686
libc:glibc 2.13 NPTL 2.13 
rlimit: STACK 8192k, CORE 0k, NPROC 16125, NOFILE 4096, AS infinity
load average:0.51 0.41 0.37

/proc/meminfo:
MemTotal:        2074364 kB
MemFree:          132808 kB
Buffers:           25660 kB
Cached:           981412 kB
SwapCached:            0 kB
Active:          1272368 kB
Inactive:         597112 kB
Active(anon):     595232 kB
Inactive(anon):   280784 kB
Active(file):     677136 kB
Inactive(file):   316328 kB
Unevictable:           0 kB
Mlocked:               0 kB
HighTotal:       1185736 kB
HighFree:          15052 kB
LowTotal:         888628 kB
LowFree:          117756 kB
SwapTotal:        901116 kB
SwapFree:         901008 kB
Dirty:                76 kB
Writeback:             0 kB
AnonPages:        862244 kB
Mapped:           173432 kB
Shmem:             13608 kB
Slab:              46444 kB
SReclaimable:      32948 kB
SUnreclaim:        13496 kB
KernelStack:        3888 kB
PageTables:        10044 kB
NFS_Unstable:          0 kB
Bounce:                0 kB
WritebackTmp:          0 kB
CommitLimit:     1938296 kB
Committed_AS:    2443004 kB
VmallocTotal:     122880 kB
VmallocUsed:       28436 kB
VmallocChunk:      93712 kB
HardwareCorrupted:     0 kB
AnonHugePages:         0 kB
HugePages_Total:       0
HugePages_Free:        0
HugePages_Rsvd:        0
HugePages_Surp:        0
Hugepagesize:       2048 kB
DirectMap4k:       10232 kB
DirectMap2M:      901120 kB


CPU:total 4 (4 cores per cpu, 1 threads per core) family 6 model 42 stepping 7, cmov, cx8, fxsr, mmx, sse, sse2, sse3, ssse3, tsc

/proc/cpuinfo:
processor	: 0
vendor_id	: GenuineIntel
cpu family	: 6
model		: 42
model name	: Intel(R) Core(TM) i7-2600K CPU @ 3.40GHz
stepping	: 7
cpu MHz		: 3384.945
cache size	: 6144 KB
physical id	: 0
siblings	: 4
core id		: 0
cpu cores	: 4
apicid		: 0
initial apicid	: 0
fdiv_bug	: no
hlt_bug		: no
f00f_bug	: no
coma_bug	: no
fpu		: yes
fpu_exception	: yes
cpuid level	: 5
wp		: yes
flags		: fpu vme de pse tsc msr pae mce cx8 apic sep mtrr pge mca cmov pat pse36 clflush mmx fxsr sse sse2 ht syscall nx rdtscp lm constant_tsc pni ssse3 lahf_lm
bogomips	: 6769.89
clflush size	: 64
cache_alignment	: 64
address sizes	: 36 bits physical, 48 bits virtual
power management:

processor	: 1
vendor_id	: GenuineIntel
cpu family	: 6
model		: 42
model name	: Intel(R) Core(TM) i7-2600K CPU @ 3.40GHz
stepping	: 7
cpu MHz		: 3384.945
cache size	: 6144 KB
physical id	: 0
siblings	: 4
core id		: 1
cpu cores	: 4
apicid		: 1
initial apicid	: 1
fdiv_bug	: no
hlt_bug		: no
f00f_bug	: no
coma_bug	: no
fpu		: yes
fpu_exception	: yes
cpuid level	: 5
wp		: yes
flags		: fpu vme de pse tsc msr pae mce cx8 apic sep mtrr pge mca cmov pat pse36 clflush mmx fxsr sse sse2 ht syscall nx rdtscp lm constant_tsc pni ssse3 lahf_lm
bogomips	: 6790.89
clflush size	: 64
cache_alignment	: 64
address sizes	: 36 bits physical, 48 bits virtual
power management:

processor	: 2
vendor_id	: GenuineIntel
cpu family	: 6
model		: 42
model name	: Intel(R) Core(TM) i7-2600K CPU @ 3.40GHz
stepping	: 7
cpu MHz		: 3384.945
cache size	: 6144 KB
physical id	: 0
siblings	: 4
core id		: 2
cpu cores	: 4
apicid		: 2
initial apicid	: 2
fdiv_bug	: no
hlt_bug		: no
f00f_bug	: no
coma_bug	: no
fpu		: yes
fpu_exception	: yes
cpuid level	: 5
wp		: yes
flags		: fpu vme de pse tsc msr pae mce cx8 apic sep mtrr pge mca cmov pat pse36 clflush mmx fxsr sse sse2 ht syscall nx rdtscp lm constant_tsc pni ssse3 lahf_lm
bogomips	: 6794.71
clflush size	: 64
cache_alignment	: 64
address sizes	: 36 bits physical, 48 bits virtual
power management:

processor	: 3
vendor_id	: GenuineIntel
cpu family	: 6
model		: 42
model name	: Intel(R) Core(TM) i7-2600K CPU @ 3.40GHz
stepping	: 7
cpu MHz		: 3384.945
cache size	: 6144 KB
physical id	: 0
siblings	: 4
core id		: 3
cpu cores	: 4
apicid		: 3
initial apicid	: 3
fdiv_bug	: no
hlt_bug		: no
f00f_bug	: no
coma_bug	: no
fpu		: yes
fpu_exception	: yes
cpuid level	: 5
wp		: yes
flags		: fpu vme de pse tsc msr pae mce cx8 apic sep mtrr pge mca cmov pat pse36 clflush mmx fxsr sse sse2 ht syscall nx rdtscp lm constant_tsc pni ssse3 lahf_lm
bogomips	: 6794.25
clflush size	: 64
cache_alignment	: 64
address sizes	: 36 bits physical, 48 bits virtual
power management:



Memory: 4k page, physical 2074364k(132808k free), swap 901116k(901008k free)

vm_info: Java HotSpot(TM) Server VM (24.0-b56) for linux-x86 JRE (1.7.0_40-b43), built on Aug 26 2013 22:01:21 by "java_re" with gcc 4.3.0 20080428 (Red Hat 4.3.0-8)

time: Tue Oct 15 08:32:12 2013
elapsed time: 40 seconds

